[21:49:43] [main/INFO]: Setting user: Player630
[21:49:45] [Client thread/INFO]: LWJGL Version: 2.9.1
[21:49:56] [Client thread/INFO]: Reloading ResourceManager: Default, FMLFileResourcePack:Forge Mod Loader, FMLFileResourcePack:Minecraft Forge, FMLFileResourcePack:Treeguard Mod, FMLFileResourcePack:Example Mod
[21:49:57] [Sound Library Loader/INFO]: Sound engine started
[21:49:58] [Client thread/INFO]: Created: 16x16 textures/blocks-atlas
[21:49:58] [Client thread/INFO]: Created: 16x16 textures/items-atlas
[21:49:58] [Client thread/INFO]: Reloading ResourceManager: Default, FMLFileResourcePack:Forge Mod Loader, FMLFileResourcePack:Minecraft Forge, FMLFileResourcePack:Treeguard Mod, FMLFileResourcePack:Example Mod
[21:49:59] [Client thread/INFO]: Created: 512x256 textures/blocks-atlas
[21:49:59] [Client thread/INFO]: Created: 256x256 textures/items-atlas
[21:50:00] [Sound Library Loader/INFO]: Sound engine started
[21:50:08] [Server thread/INFO]: Starting integrated minecraft server version 1.7.10
[21:50:08] [Server thread/INFO]: Generating keypair
[21:50:08] [Server thread/INFO]: Preparing start region for level 0
[21:50:09] [Server thread/INFO]: Preparing spawn area: 56%
[21:50:10] [Server thread/INFO]: Changing view distance to 12, from 10
[21:50:10] [Server thread/INFO]: Player630[local:E:96e99252] logged in with entity id 220 at (-196.3028505570859, 64.0, 257.65554549077376)
[21:50:10] [Server thread/INFO]: Player630 joined the game
[21:50:11] [Server thread/INFO]: Saving and pausing game...
[21:50:11] [Server thread/INFO]: Saving chunks for level 'New World'/Overworld
[21:50:11] [Server thread/INFO]: Saving chunks for level 'New World'/Nether
[21:50:11] [Server thread/INFO]: Saving chunks for level 'New World'/The End
[21:50:44] [Client thread/INFO]: [CHAT] You broke your hand!
[21:50:46] [Server thread/INFO]: Player630 has just earned the achievement [Taking Inventory]
[21:50:46] [Client thread/INFO]: [CHAT] Player630 has just earned the achievement [Taking Inventory]
