[21:59:55] [main/INFO]: Setting user: Player230
[21:59:57] [Client thread/INFO]: LWJGL Version: 2.9.1
[22:00:07] [Client thread/INFO]: Reloading ResourceManager: Default, FMLFileResourcePack:Forge Mod Loader, FMLFileResourcePack:Minecraft Forge, FMLFileResourcePack:Treeguard Mod, FMLFileResourcePack:Example Mod
[22:00:08] [Sound Library Loader/INFO]: Sound engine started
[22:00:10] [Client thread/INFO]: Created: 16x16 textures/blocks-atlas
[22:00:10] [Client thread/INFO]: Created: 16x16 textures/items-atlas
[22:00:10] [Client thread/INFO]: Reloading ResourceManager: Default, FMLFileResourcePack:Forge Mod Loader, FMLFileResourcePack:Minecraft Forge, FMLFileResourcePack:Treeguard Mod, FMLFileResourcePack:Example Mod
[22:00:10] [Client thread/INFO]: Created: 512x256 textures/blocks-atlas
[22:00:10] [Client thread/INFO]: Created: 256x256 textures/items-atlas
[22:00:11] [Sound Library Loader/INFO]: Sound engine started
[22:00:18] [Server thread/INFO]: Starting integrated minecraft server version 1.7.10
[22:00:18] [Server thread/INFO]: Generating keypair
[22:00:18] [Server thread/INFO]: Preparing start region for level 0
[22:00:19] [Server thread/INFO]: Changing view distance to 12, from 10
[22:00:20] [Server thread/INFO]: Player230[local:E:a6365a36] logged in with entity id 213 at (-197.5024729719183, 64.0, 236.80214177219307)
[22:00:20] [Server thread/INFO]: Player230 joined the game
[22:00:23] [Client thread/INFO]: [CHAT] You broke your hand!
[22:00:23] [Client thread/INFO]: [CHAT] You broke your hand!
[22:00:24] [Client thread/INFO]: [CHAT] You broke your hand!
[22:00:24] [Client thread/INFO]: [CHAT] You broke your hand!
[22:00:33] [Server thread/INFO]: Saving and pausing game...
[22:00:33] [Server thread/INFO]: Saving chunks for level 'New World'/Overworld
[22:00:34] [Server thread/INFO]: Saving chunks for level 'New World'/Nether
[22:00:34] [Server thread/INFO]: Saving chunks for level 'New World'/The End
[22:01:32] [Server thread/INFO]: Player230 has just earned the achievement [Taking Inventory]
[22:01:32] [Client thread/INFO]: [CHAT] Player230 has just earned the achievement [Taking Inventory]
[22:01:46] [Server thread/INFO]: Saving and pausing game...
[22:01:46] [Server thread/INFO]: Saving chunks for level 'New World'/Overworld
[22:01:46] [Server thread/INFO]: Saving chunks for level 'New World'/Nether
[22:01:46] [Server thread/INFO]: Saving chunks for level 'New World'/The End
[22:02:34] [Server thread/INFO]: Player230 has just earned the achievement [Getting Wood]
[22:02:34] [Client thread/INFO]: [CHAT] Player230 has just earned the achievement [Getting Wood]
[22:04:18] [Server thread/INFO]: Saving and pausing game...
[22:04:18] [Server thread/INFO]: Saving chunks for level 'New World'/Overworld
[22:04:18] [Server thread/INFO]: Saving chunks for level 'New World'/Nether
[22:04:18] [Server thread/INFO]: Saving chunks for level 'New World'/The End
[22:04:19] [Client thread/INFO]: Stopping!
[22:04:19] [Server thread/INFO]: Stopping server
[22:04:19] [Server thread/INFO]: Saving players
[22:04:19] [Server thread/INFO]: Saving worlds
[22:04:19] [Server thread/INFO]: Saving chunks for level 'New World'/Overworld
[22:04:19] [Server thread/INFO]: Saving chunks for level 'New World'/Nether
[22:04:19] [Server thread/INFO]: Saving chunks for level 'New World'/The End
